[0104/192525.404:ERROR:crash_report_database_win.cc(496)] failed to stat report
[0105/012312.322:ERROR:crash_report_database_win.cc(496)] failed to stat report
[0110/120659.596:ERROR:directory_reader_win.cc(43)] FindFirstFile: Le chemin d’accès spécifié est introuvable. (0x3)
[0110/220256.663:ERROR:process_reader_win.cc(151)] SuspendThread: Accès refusé. (0x5)
[0110/220256.663:ERROR:process_reader_win.cc(151)] SuspendThread: Accès refusé. (0x5)
[0110/220256.673:ERROR:process_reader_win.cc(151)] SuspendThread: Accès refusé. (0x5)
[0110/220256.945:ERROR:process_reader_win.cc(123)] NtOpenThread: Spécification d’un ID de client non valide. (0xc000000b)
[0110/220256.945:ERROR:process_reader_win.cc(123)] NtOpenThread: Spécification d’un ID de client non valide. (0xc000000b)
[0110/220256.688:ERROR:process_reader_win.cc(151)] SuspendThread: Accès refusé. (0x5)
[0110/220256.695:ERROR:process_reader_win.cc(151)] SuspendThread: Accès refusé. (0x5)
[0110/220256.789:ERROR:process_reader_win.cc(151)] SuspendThread: Accès refusé. (0x5)
[0110/220256.805:ERROR:process_reader_win.cc(151)] SuspendThread: Accès refusé. (0x5)
[0110/220257.351:ERROR:process_reader_win.cc(123)] NtOpenThread: Spécification d’un ID de client non valide. (0xc000000b)
[0110/220256.675:ERROR:process_reader_win.cc(123)] NtOpenThread: {Accès refusé} Un processus a demandé l’accès a un objet, mais il ne bénéficie pas des autorisations nécessaires. (0xc0000022)
[0110/220257.351:ERROR:process_reader_win.cc(123)] NtOpenThread: Spécification d’un ID de client non valide. (0xc000000b)
[0110/220256.945:ERROR:process_reader_win.cc(151)] SuspendThread: Accès refusé. (0x5)
[0110/220256.678:ERROR:process_reader_win.cc(151)] SuspendThread: Accès refusé. (0x5)
[0110/220256.685:ERROR:process_reader_win.cc(151)] SuspendThread: Accès refusé. (0x5)
[0110/220256.945:ERROR:process_reader_win.cc(151)] SuspendThread: Accès refusé. (0x5)
[0110/220257.351:ERROR:process_reader_win.cc(123)] NtOpenThread: Spécification d’un ID de client non valide. (0xc000000b)
[0110/220257.351:ERROR:process_reader_win.cc(151)] SuspendThread: Accès refusé. (0x5)
[0110/220256.805:ERROR:process_reader_win.cc(151)] SuspendThread: Accès refusé. (0x5)
[0110/220257.351:ERROR:process_reader_win.cc(151)] SuspendThread: Accès refusé. (0x5)
[0110/220256.663:ERROR:process_reader_win.cc(123)] NtOpenThread: {Accès refusé} Un processus a demandé l’accès a un objet, mais il ne bénéficie pas des autorisations nécessaires. (0xc0000022)
[0110/220257.351:ERROR:process_reader_win.cc(151)] SuspendThread: Accès refusé. (0x5)
[0110/220257.351:ERROR:exception_snapshot_win.cc(99)] thread ID 11716 not found in process
[0110/220257.351:ERROR:exception_snapshot_win.cc(99)] thread ID 15452 not found in process
[0110/220257.351:ERROR:process_reader_win.cc(151)] SuspendThread: Accès refusé. (0x5)
[0110/220257.351:ERROR:process_reader_win.cc(151)] SuspendThread: Accès refusé. (0x5)
[0110/220257.351:ERROR:process_reader_win.cc(151)] SuspendThread: Accès refusé. (0x5)
[0110/220257.351:ERROR:process_reader_win.cc(151)] SuspendThread: Accès refusé. (0x5)
[0110/220257.351:ERROR:process_reader_win.cc(151)] SuspendThread: Accès refusé. (0x5)
[0110/220257.351:ERROR:process_reader_win.cc(151)] SuspendThread: Accès refusé. (0x5)
[0110/220257.351:ERROR:process_reader_win.cc(151)] SuspendThread: Accès refusé. (0x5)
[0110/220257.351:ERROR:process_reader_win.cc(151)] SuspendThread: Accès refusé. (0x5)
[0110/220257.351:ERROR:process_reader_win.cc(151)] SuspendThread: Accès refusé. (0x5)
[0110/220257.351:ERROR:process_reader_win.cc(151)] SuspendThread: Accès refusé. (0x5)
[0110/220257.351:ERROR:process_reader_win.cc(151)] SuspendThread: Accès refusé. (0x5)
[0110/220257.351:ERROR:process_reader_win.cc(123)] NtOpenThread: Spécification d’un ID de client non valide. (0xc000000b)
[0110/220257.351:ERROR:process_reader_win.cc(123)] NtOpenThread: Spécification d’un ID de client non valide. (0xc000000b)
[0110/220257.351:ERROR:exception_snapshot_win.cc(99)] thread ID 12992 not found in process
[0110/220257.351:ERROR:process_reader_win.cc(151)] SuspendThread: Accès refusé. (0x5)
[0110/220257.351:ERROR:process_reader_win.cc(123)] NtOpenThread: Spécification d’un ID de client non valide. (0xc000000b)
[0110/220257.351:ERROR:process_reader_win.cc(151)] SuspendThread: Accès refusé. (0x5)
[0110/220257.351:ERROR:process_reader_win.cc(151)] SuspendThread: Accès refusé. (0x5)
[0110/220257.351:ERROR:process_reader_win.cc(151)] SuspendThread: Accès refusé. (0x5)
[0110/220257.351:ERROR:process_reader_win.cc(151)] SuspendThread: Accès refusé. (0x5)
[0110/220257.351:ERROR:process_reader_win.cc(123)] NtOpenThread: Spécification d’un ID de client non valide. (0xc000000b)
[0110/220257.351:ERROR:process_reader_win.cc(151)] SuspendThread: Accès refusé. (0x5)
[0110/220257.351:ERROR:exception_snapshot_win.cc(99)] thread ID 10020 not found in process
[0110/220257.351:ERROR:process_reader_win.cc(151)] SuspendThread: Accès refusé. (0x5)
[0110/220257.351:ERROR:process_reader_win.cc(151)] SuspendThread: Accès refusé. (0x5)
[0110/220257.351:ERROR:exception_snapshot_win.cc(99)] thread ID 10628 not found in process
[0110/220257.351:ERROR:process_reader_win.cc(151)] SuspendThread: Accès refusé. (0x5)
[0110/220257.351:ERROR:process_reader_win.cc(151)] SuspendThread: Accès refusé. (0x5)
[0110/220257.351:ERROR:process_reader_win.cc(151)] SuspendThread: Accès refusé. (0x5)
[0110/220257.351:ERROR:process_reader_win.cc(123)] NtOpenThread: Spécification d’un ID de client non valide. (0xc000000b)
[0110/220257.351:ERROR:process_reader_win.cc(151)] SuspendThread: Accès refusé. (0x5)
[0110/220257.351:ERROR:process_reader_win.cc(151)] SuspendThread: Accès refusé. (0x5)
[0110/220257.351:ERROR:exception_snapshot_win.cc(99)] thread ID 2580 not found in process
[0110/220257.351:ERROR:process_reader_win.cc(151)] SuspendThread: Accès refusé. (0x5)
[0110/220257.351:ERROR:process_reader_win.cc(123)] NtOpenThread: Spécification d’un ID de client non valide. (0xc000000b)
[0110/220257.351:ERROR:process_reader_win.cc(123)] NtOpenThread: Spécification d’un ID de client non valide. (0xc000000b)
[0110/220257.351:ERROR:process_reader_win.cc(151)] SuspendThread: Accès refusé. (0x5)
[0110/220257.351:ERROR:process_reader_win.cc(123)] NtOpenThread: Spécification d’un ID de client non valide. (0xc000000b)
[0110/220257.351:ERROR:process_reader_win.cc(123)] NtOpenThread: Spécification d’un ID de client non valide. (0xc000000b)
[0110/220257.351:ERROR:exception_snapshot_win.cc(99)] thread ID 17152 not found in process
[0110/220257.351:ERROR:process_reader_win.cc(151)] SuspendThread: Accès refusé. (0x5)
[0110/220257.351:ERROR:exception_snapshot_win.cc(99)] thread ID 17088 not found in process
[0110/220257.351:ERROR:process_reader_win.cc(151)] SuspendThread: Accès refusé. (0x5)
[0110/220257.351:ERROR:process_reader_win.cc(151)] SuspendThread: Accès refusé. (0x5)
[0110/220257.351:ERROR:process_reader_win.cc(151)] SuspendThread: Accès refusé. (0x5)
[0110/220257.351:ERROR:process_reader_win.cc(151)] SuspendThread: Accès refusé. (0x5)
[0110/220257.351:ERROR:process_reader_win.cc(151)] SuspendThread: Accès refusé. (0x5)
[0110/220257.351:ERROR:process_reader_win.cc(151)] SuspendThread: Accès refusé. (0x5)
[0110/220257.351:ERROR:process_reader_win.cc(151)] SuspendThread: Accès refusé. (0x5)
[0110/220257.351:ERROR:process_reader_win.cc(151)] SuspendThread: Accès refusé. (0x5)
[0110/220257.351:ERROR:process_reader_win.cc(123)] NtOpenThread: Spécification d’un ID de client non valide. (0xc000000b)
[0110/220257.351:ERROR:process_reader_win.cc(123)] NtOpenThread: Spécification d’un ID de client non valide. (0xc000000b)
[0110/220257.351:ERROR:process_reader_win.cc(151)] SuspendThread: Accès refusé. (0x5)
[0110/220257.351:ERROR:process_reader_win.cc(151)] SuspendThread: Accès refusé. (0x5)
[0110/220257.351:ERROR:process_reader_win.cc(123)] NtOpenThread: Spécification d’un ID de client non valide. (0xc000000b)
[0110/220257.351:ERROR:exception_snapshot_win.cc(99)] thread ID 7688 not found in process
[0110/220257.351:ERROR:process_reader_win.cc(151)] SuspendThread: Accès refusé. (0x5)
[0110/220257.351:ERROR:process_reader_win.cc(123)] NtOpenThread: Spécification d’un ID de client non valide. (0xc000000b)
[0110/220257.351:ERROR:process_reader_win.cc(151)] SuspendThread: Accès refusé. (0x5)
[0110/220257.351:ERROR:exception_snapshot_win.cc(99)] thread ID 6244 not found in process
[0110/220257.351:ERROR:exception_snapshot_win.cc(99)] thread ID 8216 not found in process
[0110/220257.351:ERROR:process_reader_win.cc(151)] SuspendThread: Accès refusé. (0x5)
[0110/220257.351:ERROR:exception_snapshot_win.cc(99)] thread ID 14256 not found in process
